===== ZERO-SHOT =====
>> 96 janelas de 6 vídeos (split=test) | zero-shot

>> C2 (blendshapes multi-frame) ...

=== C2 (blendshapes, zero-shot) — CCC por vídeo (protocolo OMG) ===
   Subject_10_Story_3           CCC=-0.017
   Subject_1_Story_7            CCC=+0.080
   Subject_3_Story_7            CCC=+0.220
   Subject_5_Story_7            CCC=+0.277
   Subject_7_Story_7            CCC=+0.052
   Subject_9_Story_7            CCC=-0.110
   >> média entre vídeos: +0.083 ± 0.132 (n_vídeos=6)
===== FEW-SHOT k=3 =====
>> 96 janelas de 6 vídeos (split=test) | few-shot k=3

>> C2 (blendshapes multi-frame) ...
>> Construindo 3 exemplos few-shot do split de treino ...

=== C2 (blendshapes, few-shot k=3) — CCC por vídeo (protocolo OMG) ===
   Subject_10_Story_3           CCC=+0.259
   Subject_1_Story_7            CCC=-0.034
   Subject_3_Story_7            CCC=+0.216
   Subject_5_Story_7            CCC=+0.160
   Subject_7_Story_7            CCC=+0.060
   Subject_9_Story_7            CCC=-0.054
   >> média entre vídeos: +0.101 ± 0.119 (n_vídeos=6)
