>> 40 amostras de 30 vídeos (split=test)

>> Rodando C2 (blendshapes multi-frame) ...
   [1] Subject_10_Story_3_w0000 ...
   [2] Subject_10_Story_6_w0000 ...
   [3] Subject_10_Story_7_w0000 ...
   [4] Subject_1_Story_3_w0000 ...
   [5] Subject_1_Story_6_w0000 ...
   [6] Subject_1_Story_7_w0000 ...
   [7] Subject_2_Story_3_w0000 ...
   [8] Subject_2_Story_6_w0000 ...
   [9] Subject_2_Story_7_w0000 ...
   [10] Subject_3_Story_3_w0000 ...
   [11] Subject_3_Story_6_w0000 ...
   [12] Subject_3_Story_7_w0000 ...
   [13] Subject_4_Story_3_w0000 ...
   [14] Subject_4_Story_6_w0000 ...
   [15] Subject_4_Story_7_w0000 ...
   [16] Subject_5_Story_3_w0000 ...
   [17] Subject_5_Story_6_w0000 ...
   [18] Subject_5_Story_7_w0000 ...
   [19] Subject_6_Story_3_w0000 ...
   [20] Subject_6_Story_6_w0000 ...
   [21] Subject_6_Story_7_w0000 ...
   [22] Subject_7_Story_3_w0000 ...
   [23] Subject_7_Story_6_w0000 ...
   [24] Subject_7_Story_7_w0000 ...
   [25] Subject_8_Story_3_w0000 ...
   [26] Subject_8_Story_6_w0000 ...
   [27] Subject_8_Story_7_w0000 ...
   [28] Subject_9_Story_3_w0000 ...
   [29] Subject_9_Story_6_w0000 ...
   [30] Subject_9_Story_7_w0000 ...
   [31] Subject_10_Story_3_w0052 ...
   [32] Subject_10_Story_6_w0028 ...
   [33] Subject_10_Story_7_w0044 ...
   [34] Subject_1_Story_3_w0045 ...
   [35] Subject_1_Story_6_w0029 ...
   [36] Subject_1_Story_7_w0035 ...
   [37] Subject_2_Story_3_w0045 ...
   [38] Subject_2_Story_6_w0026 ...
   [39] Subject_2_Story_7_w0031 ...
   [40] Subject_3_Story_3_w0047 ...
>> Rodando C3 (visão multimodal, multi-frame) ...
   [1] Subject_10_Story_3_w0000 ...
   [2] Subject_10_Story_6_w0000 ...
   [3] Subject_10_Story_7_w0000 ...
   [4] Subject_1_Story_3_w0000 ...
   [5] Subject_1_Story_6_w0000 ...
   [6] Subject_1_Story_7_w0000 ...
   [7] Subject_2_Story_3_w0000 ...
   [8] Subject_2_Story_6_w0000 ...
   [9] Subject_2_Story_7_w0000 ...
   [10] Subject_3_Story_3_w0000 ...
   [11] Subject_3_Story_6_w0000 ...
   [12] Subject_3_Story_7_w0000 ...
   [13] Subject_4_Story_3_w0000 ...
   [14] Subject_4_Story_6_w0000 ...
   [15] Subject_4_Story_7_w0000 ...
   [16] Subject_5_Story_3_w0000 ...
   [17] Subject_5_Story_6_w0000 ...
   [18] Subject_5_Story_7_w0000 ...
   [19] Subject_6_Story_3_w0000 ...
   [20] Subject_6_Story_6_w0000 ...
   [21] Subject_6_Story_7_w0000 ...
   [22] Subject_7_Story_3_w0000 ...
   [23] Subject_7_Story_6_w0000 ...
   [24] Subject_7_Story_7_w0000 ...
   [25] Subject_8_Story_3_w0000 ...
   [26] Subject_8_Story_6_w0000 ...
   [27] Subject_8_Story_7_w0000 ...
   [28] Subject_9_Story_3_w0000 ...
   [29] Subject_9_Story_6_w0000 ...
   [30] Subject_9_Story_7_w0000 ...
   [31] Subject_10_Story_3_w0052 ...
   [32] Subject_10_Story_6_w0028 ...
   [33] Subject_10_Story_7_w0044 ...
   [34] Subject_1_Story_3_w0045 ...
   [35] Subject_1_Story_6_w0029 ...
   [36] Subject_1_Story_7_w0035 ...
   [37] Subject_2_Story_3_w0045 ...
   [38] Subject_2_Story_6_w0026 ...
   [39] Subject_2_Story_7_w0031 ...
   [40] Subject_3_Story_3_w0047 ...
>> Baseline (regras, multi-frame) ...

=== RESUMO ===
  fallbacks C2: 0/40 | C3: 0/40

=== CCC + IC95% (bootstrap) ===
  C2 (blendshapes)    : CCC=-0.026  IC95%=[-0.266, +0.275]  (n=40)
  C3 (visao)          : CCC=-0.105  IC95%=[-0.302, +0.150]  (n=40)
  Baseline (regras)   : CCC=-0.123  IC95%=[-0.368, +0.219]  (n=40)

>> resultados salvos em results/compare_c2_c3.csv
