>> 96 janelas de 6 vídeos (split=test)

>> C2 (blendshapes multi-frame) ...
   [1] Subject_10_Story_3_w0000 ...
   [2] Subject_10_Story_3_w0006 ...
   [3] Subject_10_Story_3_w0013 ...
   [4] Subject_10_Story_3_w0020 ...
   [5] Subject_10_Story_3_w0027 ...
   [6] Subject_10_Story_3_w0034 ...
   [7] Subject_10_Story_3_w0041 ...
   [8] Subject_10_Story_3_w0048 ...
   [9] Subject_10_Story_3_w0055 ...
   [10] Subject_10_Story_3_w0062 ...
   [11] Subject_10_Story_3_w0069 ...
   [12] Subject_10_Story_3_w0076 ...
   [13] Subject_10_Story_3_w0083 ...
   [14] Subject_10_Story_3_w0090 ...
   [15] Subject_10_Story_3_w0097 ...
   [16] Subject_10_Story_3_w0104 ...
   [17] Subject_1_Story_7_w0000 ...
   [18] Subject_1_Story_7_w0004 ...
   [19] Subject_1_Story_7_w0009 ...
   [20] Subject_1_Story_7_w0014 ...
   [21] Subject_1_Story_7_w0018 ...
   [22] Subject_1_Story_7_w0023 ...
   [23] Subject_1_Story_7_w0028 ...
   [24] Subject_1_Story_7_w0032 ...
   [25] Subject_1_Story_7_w0037 ...
   [26] Subject_1_Story_7_w0042 ...
   [27] Subject_1_Story_7_w0046 ...
   [28] Subject_1_Story_7_w0051 ...
   [29] Subject_1_Story_7_w0056 ...
   [30] Subject_1_Story_7_w0060 ...
   [31] Subject_1_Story_7_w0065 ...
   [32] Subject_1_Story_7_w0070 ...
   [33] Subject_3_Story_7_w0000 ...
   [34] Subject_3_Story_7_w0004 ...
   [35] Subject_3_Story_7_w0009 ...
   [36] Subject_3_Story_7_w0013 ...
   [37] Subject_3_Story_7_w0018 ...
   [38] Subject_3_Story_7_w0023 ...
   [39] Subject_3_Story_7_w0027 ...
   [40] Subject_3_Story_7_w0032 ...
   [41] Subject_3_Story_7_w0036 ...
   [42] Subject_3_Story_7_w0041 ...
   [43] Subject_3_Story_7_w0046 ...
   [44] Subject_3_Story_7_w0050 ...
   [45] Subject_3_Story_7_w0055 ...
   [46] Subject_3_Story_7_w0059 ...
   [47] Subject_3_Story_7_w0064 ...
   [48] Subject_3_Story_7_w0069 ...
   [49] Subject_5_Story_7_w0000 ...
   [50] Subject_5_Story_7_w0006 ...
   [51] Subject_5_Story_7_w0012 ...
   [52] Subject_5_Story_7_w0018 ...
   [53] Subject_5_Story_7_w0025 ...
   [54] Subject_5_Story_7_w0031 ...
   [55] Subject_5_Story_7_w0037 ...
   [56] Subject_5_Story_7_w0043 ...
   [57] Subject_5_Story_7_w0050 ...
   [58] Subject_5_Story_7_w0056 ...
   [59] Subject_5_Story_7_w0062 ...
   [60] Subject_5_Story_7_w0068 ...
   [61] Subject_5_Story_7_w0075 ...
   [62] Subject_5_Story_7_w0081 ...
   [63] Subject_5_Story_7_w0087 ...
   [64] Subject_5_Story_7_w0094 ...
   [65] Subject_7_Story_7_w0000 ...
   [66] Subject_7_Story_7_w0005 ...
   [67] Subject_7_Story_7_w0010 ...
   [68] Subject_7_Story_7_w0016 ...
   [69] Subject_7_Story_7_w0021 ...
   [70] Subject_7_Story_7_w0027 ...
   [71] Subject_7_Story_7_w0032 ...
   [72] Subject_7_Story_7_w0037 ...
   [73] Subject_7_Story_7_w0043 ...
   [74] Subject_7_Story_7_w0048 ...
   [75] Subject_7_Story_7_w0054 ...
   [76] Subject_7_Story_7_w0059 ...
   [77] Subject_7_Story_7_w0064 ...
   [78] Subject_7_Story_7_w0070 ...
   [79] Subject_7_Story_7_w0075 ...
   [80] Subject_7_Story_7_w0081 ...
   [81] Subject_9_Story_7_w0000 ...
   [82] Subject_9_Story_7_w0006 ...
   [83] Subject_9_Story_7_w0012 ...
   [84] Subject_9_Story_7_w0019 ...
   [85] Subject_9_Story_7_w0025 ...
   [86] Subject_9_Story_7_w0031 ...
   [87] Subject_9_Story_7_w0038 ...
   [88] Subject_9_Story_7_w0044 ...
   [89] Subject_9_Story_7_w0050 ...
   [90] Subject_9_Story_7_w0057 ...
   [91] Subject_9_Story_7_w0063 ...
   [92] Subject_9_Story_7_w0069 ...
   [93] Subject_9_Story_7_w0076 ...
   [94] Subject_9_Story_7_w0082 ...
   [95] Subject_9_Story_7_w0088 ...
   [96] Subject_9_Story_7_w0095 ...

=== C2 (blendshapes) — CCC por vídeo (protocolo OMG) ===
   Subject_10_Story_3           CCC=+0.071
   Subject_1_Story_7            CCC=-0.003
   Subject_3_Story_7            CCC=+0.153
   Subject_5_Story_7            CCC=+0.295
   Subject_7_Story_7            CCC=+0.058
   Subject_9_Story_7            CCC=-0.109
   >> média entre vídeos: +0.077 ± 0.126 (n_vídeos=6)

>> C3 (visão multimodal) ...
   [1] Subject_10_Story_3_w0000 ...
   [2] Subject_10_Story_3_w0006 ...
   [3] Subject_10_Story_3_w0013 ...
   [4] Subject_10_Story_3_w0020 ...
   [5] Subject_10_Story_3_w0027 ...
   [6] Subject_10_Story_3_w0034 ...
   [7] Subject_10_Story_3_w0041 ...
   [8] Subject_10_Story_3_w0048 ...
   [9] Subject_10_Story_3_w0055 ...
   [10] Subject_10_Story_3_w0062 ...
   [11] Subject_10_Story_3_w0069 ...
   [12] Subject_10_Story_3_w0076 ...
   [13] Subject_10_Story_3_w0083 ...
   [14] Subject_10_Story_3_w0090 ...
   [15] Subject_10_Story_3_w0097 ...
   [16] Subject_10_Story_3_w0104 ...
   [17] Subject_1_Story_7_w0000 ...
   [18] Subject_1_Story_7_w0004 ...
   [19] Subject_1_Story_7_w0009 ...
   [20] Subject_1_Story_7_w0014 ...
   [21] Subject_1_Story_7_w0018 ...
   [22] Subject_1_Story_7_w0023 ...
   [23] Subject_1_Story_7_w0028 ...
   [24] Subject_1_Story_7_w0032 ...
   [25] Subject_1_Story_7_w0037 ...
   [26] Subject_1_Story_7_w0042 ...
   [27] Subject_1_Story_7_w0046 ...
   [28] Subject_1_Story_7_w0051 ...
   [29] Subject_1_Story_7_w0056 ...
   [30] Subject_1_Story_7_w0060 ...
   [31] Subject_1_Story_7_w0065 ...
   [32] Subject_1_Story_7_w0070 ...
   [33] Subject_3_Story_7_w0000 ...
   [34] Subject_3_Story_7_w0004 ...
   [35] Subject_3_Story_7_w0009 ...
   [36] Subject_3_Story_7_w0013 ...
   [37] Subject_3_Story_7_w0018 ...
   [38] Subject_3_Story_7_w0023 ...
   [39] Subject_3_Story_7_w0027 ...
   [40] Subject_3_Story_7_w0032 ...
   [41] Subject_3_Story_7_w0036 ...
   [42] Subject_3_Story_7_w0041 ...
   [43] Subject_3_Story_7_w0046 ...
   [44] Subject_3_Story_7_w0050 ...
   [45] Subject_3_Story_7_w0055 ...
   [46] Subject_3_Story_7_w0059 ...
   [47] Subject_3_Story_7_w0064 ...
   [48] Subject_3_Story_7_w0069 ...
   [49] Subject_5_Story_7_w0000 ...
   [50] Subject_5_Story_7_w0006 ...
   [51] Subject_5_Story_7_w0012 ...
   [52] Subject_5_Story_7_w0018 ...
   [53] Subject_5_Story_7_w0025 ...
   [54] Subject_5_Story_7_w0031 ...
   [55] Subject_5_Story_7_w0037 ...
   [56] Subject_5_Story_7_w0043 ...
   [57] Subject_5_Story_7_w0050 ...
   [58] Subject_5_Story_7_w0056 ...
   [59] Subject_5_Story_7_w0062 ...
   [60] Subject_5_Story_7_w0068 ...
   [61] Subject_5_Story_7_w0075 ...
   [62] Subject_5_Story_7_w0081 ...
   [63] Subject_5_Story_7_w0087 ...
   [64] Subject_5_Story_7_w0094 ...
   [65] Subject_7_Story_7_w0000 ...
   [66] Subject_7_Story_7_w0005 ...
   [67] Subject_7_Story_7_w0010 ...
   [68] Subject_7_Story_7_w0016 ...
   [69] Subject_7_Story_7_w0021 ...
   [70] Subject_7_Story_7_w0027 ...
   [71] Subject_7_Story_7_w0032 ...
   [72] Subject_7_Story_7_w0037 ...
   [73] Subject_7_Story_7_w0043 ...
   [74] Subject_7_Story_7_w0048 ...
   [75] Subject_7_Story_7_w0054 ...
   [76] Subject_7_Story_7_w0059 ...
   [77] Subject_7_Story_7_w0064 ...
   [78] Subject_7_Story_7_w0070 ...
   [79] Subject_7_Story_7_w0075 ...
   [80] Subject_7_Story_7_w0081 ...
   [81] Subject_9_Story_7_w0000 ...
   [82] Subject_9_Story_7_w0006 ...
   [83] Subject_9_Story_7_w0012 ...
   [84] Subject_9_Story_7_w0019 ...
   [85] Subject_9_Story_7_w0025 ...
   [86] Subject_9_Story_7_w0031 ...
   [87] Subject_9_Story_7_w0038 ...
   [88] Subject_9_Story_7_w0044 ...
   [89] Subject_9_Story_7_w0050 ...
   [90] Subject_9_Story_7_w0057 ...
   [91] Subject_9_Story_7_w0063 ...
   [92] Subject_9_Story_7_w0069 ...
   [93] Subject_9_Story_7_w0076 ...
   [94] Subject_9_Story_7_w0082 ...
   [95] Subject_9_Story_7_w0088 ...
   [96] Subject_9_Story_7_w0095 ...

=== C3 (visão) — CCC por vídeo (protocolo OMG) ===
   Subject_10_Story_3           CCC=+0.217
   Subject_1_Story_7            CCC=+0.048
   Subject_3_Story_7            CCC=-0.097
   Subject_5_Story_7            CCC=+0.031
   Subject_7_Story_7            CCC=+0.117
   Subject_9_Story_7            CCC=-0.066
   >> média entre vídeos: +0.041 ± 0.106 (n_vídeos=6)
